Using pre-set license
Built from '2021.3/staging' branch; Version is '2021.3.4f1 (cb45f9cae8b7) revision 13321721'; Using compiler version '192829333'; Build Type 'Release'
OS: 'Windows 11  (10.0.22000) 64bit Core' Language: 'en' Physical Memory: 15776 MB
BatchMode: 1, IsHumanControllingUs: 0, StartBugReporterOnCrash: 0, Is64bit: 1, IsPro: 1

COMMAND LINE ARGUMENTS:
C:\Program Files\Unity\Hub\Editor\2021.3.4f1\Editor\Unity.exe
-adb2
-batchMode
-noUpm
-name
AssetImportWorker2
-projectPath
D:/Reduxe/Git Uploads/icefishing/icefishing
-logFile
Logs/AssetImportWorker2.log
-srvPort
58610
Successfully changed project path to: D:/Reduxe/Git Uploads/icefishing/icefishing
D:/Reduxe/Git Uploads/icefishing/icefishing
[UnityMemory] Configuration Parameters - Can be set up in boot.config
    "memorysetup-bucket-allocator-granularity=16"
    "memorysetup-bucket-allocator-bucket-count=8"
    "memorysetup-bucket-allocator-block-size=33554432"
    "memorysetup-bucket-allocator-block-count=8"
    "memorysetup-main-allocator-block-size=16777216"
    "memorysetup-thread-allocator-block-size=16777216"
    "memorysetup-gfx-main-allocator-block-size=16777216"
    "memorysetup-gfx-thread-allocator-block-size=16777216"
    "memorysetup-cache-allocator-block-size=4194304"
    "memorysetup-typetree-allocator-block-size=2097152"
    "memorysetup-profiler-bucket-allocator-granularity=16"
    "memorysetup-profiler-bucket-allocator-bucket-count=8"
    "memorysetup-profiler-bucket-allocator-block-size=33554432"
    "memorysetup-profiler-bucket-allocator-block-count=8"
    "memorysetup-profiler-allocator-block-size=16777216"
    "memorysetup-profiler-editor-allocator-block-size=1048576"
    "memorysetup-temp-allocator-size-main=16777216"
    "memorysetup-job-temp-allocator-block-size=2097152"
    "memorysetup-job-temp-allocator-block-size-background=1048576"
    "memorysetup-job-temp-allocator-reduction-small-platforms=262144"
    "memorysetup-temp-allocator-size-background-worker=32768"
    "memorysetup-temp-allocator-size-job-worker=262144"
    "memorysetup-temp-allocator-size-preload-manager=33554432"
    "memorysetup-temp-allocator-size-nav-mesh-worker=65536"
    "memorysetup-temp-allocator-size-audio-worker=65536"
    "memorysetup-temp-allocator-size-cloud-worker=32768"
    "memorysetup-temp-allocator-size-gi-baking-worker=262144"
    "memorysetup-temp-allocator-size-gfx=262144"
Refreshing native plugins compatible for Editor in 55.05 ms, found 3 plugins.
Preloading 0 native plugins for Editor in 0.00 ms.
Initialize engine version: 2021.3.4f1 (cb45f9cae8b7)
[Subsystems] Discovering subsystems at path C:/Program Files/Unity/Hub/Editor/2021.3.4f1/Editor/Data/Resources/UnitySubsystems
[Subsystems] Discovering subsystems at path D:/Reduxe/Git Uploads/icefishing/icefishing/Assets
GfxDevice: creating device client; threaded=0; jobified=0
Direct3D:
    Version:  Direct3D 11.0 [level 11.1]
    Renderer: NVIDIA GeForce RTX 3060 Laptop GPU (ID=0x2520)
    Vendor:   NVIDIA
    VRAM:     6023 MB
    Driver:   31.0.15.1694
Initialize mono
Mono path[0] = 'C:/Program Files/Unity/Hub/Editor/2021.3.4f1/Editor/Data/Managed'
Mono path[1] = 'C:/Program Files/Unity/Hub/Editor/2021.3.4f1/Editor/Data/MonoBleedingEdge/lib/mono/unityjit-win32'
Mono config path = 'C:/Program Files/Unity/Hub/Editor/2021.3.4f1/Editor/Data/MonoBleedingEdge/etc'
Using monoOptions --debugger-agent=transport=dt_socket,embedding=1,server=y,suspend=n,address=127.0.0.1:56196
Begin MonoManager ReloadAssembly
Registering precompiled unity dll's ...
Register platform support module: C:/Program Files/Unity/Hub/Editor/2021.3.4f1/Editor/Data/PlaybackEngines/AndroidPlayer/UnityEditor.Android.Extensions.dll
Register platform support module: C:/Program Files/Unity/Hub/Editor/2021.3.4f1/Editor/Data/PlaybackEngines/iOSSupport/UnityEditor.iOS.Extensions.dll
Register platform support module: C:/Program Files/Unity/Hub/Editor/2021.3.4f1/Editor/Data/PlaybackEngines/WindowsStandaloneSupport/UnityEditor.WindowsStandalone.Extensions.dll
Registered in 0.005356 seconds.
Native extension for WindowsStandalone target not found
[usbmuxd] Start listen thread
[usbmuxd] Listen thread started
[usbmuxd] Send listen message
Native extension for iOS target not found
Native extension for Android target not found
Refreshing native plugins compatible for Editor in 38.58 ms, found 3 plugins.
Preloading 0 native plugins for Editor in 0.00 ms.
Mono: successfully reloaded assembly
- Completed reload, in  0.547 seconds
Domain Reload Profiling:
	ReloadAssembly (547ms)
		BeginReloadAssembly (77ms)
			ExecutionOrderSort (0ms)
			DisableScriptedObjects (0ms)
			BackupInstance (0ms)
			ReleaseScriptingObjects (0ms)
			CreateAndSetChildDomain (1ms)
		EndReloadAssembly (365ms)
			LoadAssemblies (76ms)
			RebuildTransferFunctionScriptingTraits (0ms)
			SetupTypeCache (93ms)
			ReleaseScriptCaches (0ms)
			RebuildScriptCaches (22ms)
			SetupLoadedEditorAssemblies (207ms)
				LogAssemblyErrors (0ms)
				InitializePlatformSupportModulesInManaged (56ms)
				SetLoadedEditorAssemblies (0ms)
				RefreshPlugins (39ms)
				BeforeProcessingInitializeOnLoad (1ms)
				ProcessInitializeOnLoadAttributes (75ms)
				ProcessInitializeOnLoadMethodAttributes (36ms)
				AfterProcessingInitializeOnLoad (0ms)
				EditorAssembliesLoaded (0ms)
			ExecutionOrderSort2 (0ms)
			AwakeInstancesAfterBackupRestoration (0ms)
Platform modules already initialized, skipping
Registering precompiled user dll's ...
Registered in 0.004008 seconds.
Begin MonoManager ReloadAssembly
Native extension for WindowsStandalone target not found
Native extension for iOS target not found
Native extension for Android target not found
Refreshing native plugins compatible for Editor in 38.76 ms, found 3 plugins.
Preloading 0 native plugins for Editor in 0.00 ms.
Mono: successfully reloaded assembly
- Completed reload, in  0.932 seconds
Domain Reload Profiling:
	ReloadAssembly (933ms)
		BeginReloadAssembly (203ms)
			ExecutionOrderSort (0ms)
			DisableScriptedObjects (5ms)
			BackupInstance (0ms)
			ReleaseScriptingObjects (0ms)
			CreateAndSetChildDomain (133ms)
		EndReloadAssembly (641ms)
			LoadAssemblies (66ms)
			RebuildTransferFunctionScriptingTraits (0ms)
			SetupTypeCache (150ms)
			ReleaseScriptCaches (1ms)
			RebuildScriptCaches (41ms)
			SetupLoadedEditorAssemblies (341ms)
				LogAssemblyErrors (0ms)
				InitializePlatformSupportModulesInManaged (20ms)
				SetLoadedEditorAssemblies (0ms)
				RefreshPlugins (39ms)
				BeforeProcessingInitializeOnLoad (61ms)
				ProcessInitializeOnLoadAttributes (179ms)
				ProcessInitializeOnLoadMethodAttributes (36ms)
				AfterProcessingInitializeOnLoad (6ms)
				EditorAssembliesLoaded (0ms)
			ExecutionOrderSort2 (0ms)
			AwakeInstancesAfterBackupRestoration (5ms)
Platform modules already initialized, skipping
========================================================================
Worker process is ready to serve import requests
Launched and connected shader compiler UnityShaderCompiler.exe after 0.04 seconds
Refreshing native plugins compatible for Editor in 0.87 ms, found 3 plugins.
Preloading 0 native plugins for Editor in 0.00 ms.
Unloading 2542 Unused Serialized files (Serialized files now loaded: 0)
Unloading 33 unused Assets / (55.4 KB). Loaded Objects now: 3006.
Memory consumption went from 113.2 MB to 113.1 MB.
Total: 2.812300 ms (FindLiveObjects: 0.204400 ms CreateObjectMapping: 0.072400 ms MarkObjects: 2.468300 ms  DeleteObjects: 0.066600 ms)

AssetImportParameters requested are different than current active one (requested -> active):
  custom:video-decoder-ogg-theora: a1e56fd34408186e4bbccfd4996cb3dc -> 
  custom:container-muxer-webm: aa71ff27fc2769a1b78a27578f13a17b -> 
  custom:container-demuxer-webm: 4f35f7cbe854078d1ac9338744f61a02 -> 
  custom:video-encoder-webm-vp8: eb34c28f22e8b96e1ab97ce403110664 -> 
  custom:audio-encoder-webm-vorbis: bf7c407c2cedff20999df2af8eb42d56 -> 
  custom:framework-win-MediaFoundation: 216162199b28c13a410421893ffa2e32 -> 
  custom:container-demuxer-ogg: 62fdf1f143b41e24485cea50d1cbac27 -> 
  custom:video-decoder-webm-vp8: 9c59270c3fd7afecdb556c50c9e8de78 -> 
  custom:audio-decoder-ogg-vorbis: bf7c407c2cedff20999df2af8eb42d56 -> 
========================================================================
Received Prepare
Registering precompiled user dll's ...
Registered in 0.004678 seconds.
Begin MonoManager ReloadAssembly
Native extension for WindowsStandalone target not found
Native extension for iOS target not found
Native extension for Android target not found
Refreshing native plugins compatible for Editor in 0.67 ms, found 3 plugins.
Preloading 0 native plugins for Editor in 0.00 ms.
Mono: successfully reloaded assembly
- Completed reload, in  0.843 seconds
Domain Reload Profiling:
	ReloadAssembly (846ms)
		BeginReloadAssembly (120ms)
			ExecutionOrderSort (0ms)
			DisableScriptedObjects (8ms)
			BackupInstance (0ms)
			ReleaseScriptingObjects (0ms)
			CreateAndSetChildDomain (37ms)
		EndReloadAssembly (646ms)
			LoadAssemblies (77ms)
			RebuildTransferFunctionScriptingTraits (0ms)
			SetupTypeCache (175ms)
			ReleaseScriptCaches (1ms)
			RebuildScriptCaches (38ms)
			SetupLoadedEditorAssemblies (316ms)
				LogAssemblyErrors (0ms)
				InitializePlatformSupportModulesInManaged (26ms)
				SetLoadedEditorAssemblies (1ms)
				RefreshPlugins (1ms)
				BeforeProcessingInitializeOnLoad (51ms)
				ProcessInitializeOnLoadAttributes (192ms)
				ProcessInitializeOnLoadMethodAttributes (38ms)
				AfterProcessingInitializeOnLoad (6ms)
				EditorAssembliesLoaded (0ms)
			ExecutionOrderSort2 (0ms)
			AwakeInstancesAfterBackupRestoration (8ms)
Platform modules already initialized, skipping
Refreshing native plugins compatible for Editor in 1.85 ms, found 3 plugins.
Preloading 0 native plugins for Editor in 0.00 ms.
Unloading 2518 Unused Serialized files (Serialized files now loaded: 0)
Unloading 20 unused Assets / (24.6 KB). Loaded Objects now: 3009.
Memory consumption went from 111.2 MB to 111.2 MB.
Total: 3.144500 ms (FindLiveObjects: 0.455800 ms CreateObjectMapping: 0.111200 ms MarkObjects: 2.556800 ms  DeleteObjects: 0.018800 ms)

AssetImportParameters requested are different than current active one (requested -> active):
  custom:video-decoder-ogg-theora: a1e56fd34408186e4bbccfd4996cb3dc -> 
  custom:container-muxer-webm: aa71ff27fc2769a1b78a27578f13a17b -> 
  custom:container-demuxer-webm: 4f35f7cbe854078d1ac9338744f61a02 -> 
  custom:video-encoder-webm-vp8: eb34c28f22e8b96e1ab97ce403110664 -> 
  custom:audio-encoder-webm-vorbis: bf7c407c2cedff20999df2af8eb42d56 -> 
  custom:framework-win-MediaFoundation: 216162199b28c13a410421893ffa2e32 -> 
  custom:container-demuxer-ogg: 62fdf1f143b41e24485cea50d1cbac27 -> 
  custom:video-decoder-webm-vp8: 9c59270c3fd7afecdb556c50c9e8de78 -> 
  custom:audio-decoder-ogg-vorbis: bf7c407c2cedff20999df2af8eb42d56 -> 
========================================================================
Received Import Request.
  Time since last request: 642701.410367 seconds.
  path: Assets/IMG_0471 1.PNG
  artifactKey: Guid(db4e6cdc43a936a4db58b1a81961399d) Importer(815301076,1909f56bfc062723c751e8b465ee728b)
Start importing Assets/IMG_0471 1.PNG using Guid(db4e6cdc43a936a4db58b1a81961399d) Importer(815301076,1909f56bfc062723c751e8b465ee728b)  -> (artifact id: '72116a3f5c778527cb2e539ace1ee979') in 0.238117 seconds 
========================================================================
Received Import Request.
  Time since last request: 0.000027 seconds.
  path: Assets/maxresdefault.jpg
  artifactKey: Guid(edb27379dc6b6e845ae7b3ec65c23fee) Importer(815301076,1909f56bfc062723c751e8b465ee728b)
Start importing Assets/maxresdefault.jpg using Guid(edb27379dc6b6e845ae7b3ec65c23fee) Importer(815301076,1909f56bfc062723c751e8b465ee728b)  -> (artifact id: '89a05ae8f94d91b7a61c45f2d3847326') in 0.105555 seconds 
========================================================================
Received Import Request.
  Time since last request: 0.000039 seconds.
  path: Assets/AdvancedPolygonCollider/Demo/Textures/piece.png
  artifactKey: Guid(13bdd255a028bcc459e23182edbeac4a) Importer(815301076,1909f56bfc062723c751e8b465ee728b)
Start importing Assets/AdvancedPolygonCollider/Demo/Textures/piece.png using Guid(13bdd255a028bcc459e23182edbeac4a) Importer(815301076,1909f56bfc062723c751e8b465ee728b)  -> (artifact id: '8733b140d0c2ec4b3018dc7f6d1502ae') in 0.127058 seconds 
========================================================================
Received Import Request.
  Time since last request: 0.660662 seconds.
  path: Assets/Joystick Pack/Sprites/Vertical Backgrounds/Vertical_Ridged.png
  artifactKey: Guid(08c1fa6351174a9439d97cfc9d3307cc) Importer(815301076,1909f56bfc062723c751e8b465ee728b)
Start importing Assets/Joystick Pack/Sprites/Vertical Backgrounds/Vertical_Ridged.png using Guid(08c1fa6351174a9439d97cfc9d3307cc) Importer(815301076,1909f56bfc062723c751e8b465ee728b)  -> (artifact id: '49a2985803badd010fda97afa9089ff3') in 0.035738 seconds 
========================================================================
Received Import Request.
  Time since last request: 1.011799 seconds.
  path: Assets/Joystick Pack/Sprites/Horizontal Backgrounds/Horizontal_Ridged_Arrows.png
  artifactKey: Guid(b8467ea5fbaf9ba42908de6411bd443d) Importer(815301076,1909f56bfc062723c751e8b465ee728b)
Start importing Assets/Joystick Pack/Sprites/Horizontal Backgrounds/Horizontal_Ridged_Arrows.png using Guid(b8467ea5fbaf9ba42908de6411bd443d) Importer(815301076,1909f56bfc062723c751e8b465ee728b)  -> (artifact id: 'e12f0ef6d2ef3a5998cd91f066846912') in 0.031785 seconds 
========================================================================
Received Import Request.
  Time since last request: 0.000024 seconds.
  path: Assets/Joystick Pack/Sprites/Horizontal Backgrounds/Horizontal_Outline_Arrows.png
  artifactKey: Guid(7927b9032dc11e841af3f9a1353d7ecd) Importer(815301076,1909f56bfc062723c751e8b465ee728b)
Start importing Assets/Joystick Pack/Sprites/Horizontal Backgrounds/Horizontal_Outline_Arrows.png using Guid(7927b9032dc11e841af3f9a1353d7ecd) Importer(815301076,1909f56bfc062723c751e8b465ee728b)  -> (artifact id: '54f6e64a2d429d5e31905370fcca41b1') in 0.029118 seconds 
========================================================================
Received Import Request.
  Time since last request: 0.000026 seconds.
  path: Assets/Joystick Pack/Sprites/Horizontal Backgrounds/Horizontal_Plain_Arrows.png
  artifactKey: Guid(c8585b68a92b5d440992ddd7d1b1a3d6) Importer(815301076,1909f56bfc062723c751e8b465ee728b)
Start importing Assets/Joystick Pack/Sprites/Horizontal Backgrounds/Horizontal_Plain_Arrows.png using Guid(c8585b68a92b5d440992ddd7d1b1a3d6) Importer(815301076,1909f56bfc062723c751e8b465ee728b)  -> (artifact id: '2ab3ef36205da26f1db57c9f108554d1') in 0.027514 seconds 
========================================================================
Received Import Request.
  Time since last request: 0.000023 seconds.
  path: Assets/Joystick Pack/Sprites/Horizontal Backgrounds/Horizontal_Outline.png
  artifactKey: Guid(cd0a2c1b2c014ba4c80c1df786e150e9) Importer(815301076,1909f56bfc062723c751e8b465ee728b)
Start importing Assets/Joystick Pack/Sprites/Horizontal Backgrounds/Horizontal_Outline.png using Guid(cd0a2c1b2c014ba4c80c1df786e150e9) Importer(815301076,1909f56bfc062723c751e8b465ee728b)  -> (artifact id: '1c48cb483539ca1d0b938fe0d1801b15') in 0.026751 seconds 
========================================================================
Received Import Request.
  Time since last request: 0.322736 seconds.
  path: Assets/Joystick Pack/Sprites/Handles/Handle_Ridged_Arrows.png
  artifactKey: Guid(a6c56474666ce0647bdb766e9b4764b3) Importer(815301076,1909f56bfc062723c751e8b465ee728b)
Start importing Assets/Joystick Pack/Sprites/Handles/Handle_Ridged_Arrows.png using Guid(a6c56474666ce0647bdb766e9b4764b3) Importer(815301076,1909f56bfc062723c751e8b465ee728b)  -> (artifact id: '09eab2653e46f5cb836cc9de5382a15a') in 0.023391 seconds 
========================================================================
Received Import Request.
  Time since last request: 0.535464 seconds.
  path: Assets/Joystick Pack/Sprites/All Axis Backgrounds/AllAxis_Ridged_Arrows.png
  artifactKey: Guid(4cbc879550e5e374a925e2e0a84d6f3c) Importer(815301076,1909f56bfc062723c751e8b465ee728b)
Start importing Assets/Joystick Pack/Sprites/All Axis Backgrounds/AllAxis_Ridged_Arrows.png using Guid(4cbc879550e5e374a925e2e0a84d6f3c) Importer(815301076,1909f56bfc062723c751e8b465ee728b)  -> (artifact id: 'd84eb6dd20a5376d4c1bd537597b9514') in 0.030505 seconds 
========================================================================
Received Import Request.
  Time since last request: 0.000030 seconds.
  path: Assets/Joystick Pack/Sprites/All Axis Backgrounds/AllAxis_Outline.png
  artifactKey: Guid(5b56d9fa0e8bd6e409ed188db38a692c) Importer(815301076,1909f56bfc062723c751e8b465ee728b)
Start importing Assets/Joystick Pack/Sprites/All Axis Backgrounds/AllAxis_Outline.png using Guid(5b56d9fa0e8bd6e409ed188db38a692c) Importer(815301076,1909f56bfc062723c751e8b465ee728b)  -> (artifact id: '1dfb9fc2a732ea06d589bd1cc75ac9c3') in 0.028849 seconds 
========================================================================
Received Import Request.
  Time since last request: 0.178270 seconds.
  path: Assets/Sprites/Fish Swim Flipped/140_result.png
  artifactKey: Guid(42f644802f62ffa40829356d5a7b2222) Importer(815301076,1909f56bfc062723c751e8b465ee728b)
Start importing Assets/Sprites/Fish Swim Flipped/140_result.png using Guid(42f644802f62ffa40829356d5a7b2222) Importer(815301076,1909f56bfc062723c751e8b465ee728b)  -> (artifact id: '24ef52c9894d7cb0aff73d79f04a4d96') in 0.040209 seconds 
========================================================================
Received Import Request.
  Time since last request: 0.000033 seconds.
  path: Assets/Sprites/Fish Swim Flipped/138_result.png
  artifactKey: Guid(675a445059b88ff4e971c6bf6b211b76) Importer(815301076,1909f56bfc062723c751e8b465ee728b)
Start importing Assets/Sprites/Fish Swim Flipped/138_result.png using Guid(675a445059b88ff4e971c6bf6b211b76) Importer(815301076,1909f56bfc062723c751e8b465ee728b)  -> (artifact id: '0720c48b92e5d99c5d03e65f8e307636') in 0.031501 seconds 
========================================================================
Received Import Request.
  Time since last request: 0.000031 seconds.
  path: Assets/Sprites/Fish Swim Flipped/137_result.png
  artifactKey: Guid(f58212e517c91ce4c856e075f78bbdaf) Importer(815301076,1909f56bfc062723c751e8b465ee728b)
Start importing Assets/Sprites/Fish Swim Flipped/137_result.png using Guid(f58212e517c91ce4c856e075f78bbdaf) Importer(815301076,1909f56bfc062723c751e8b465ee728b)  -> (artifact id: 'd9a4661c7eed5dedcd2d7e995a58888d') in 0.035727 seconds 
========================================================================
Received Import Request.
  Time since last request: 0.128364 seconds.
  path: Assets/Sprites/Fish Swim Flipped/135_result.png
  artifactKey: Guid(1cc1e0d474bbab84cb6e0d277f417240) Importer(815301076,1909f56bfc062723c751e8b465ee728b)
Start importing Assets/Sprites/Fish Swim Flipped/135_result.png using Guid(1cc1e0d474bbab84cb6e0d277f417240) Importer(815301076,1909f56bfc062723c751e8b465ee728b)  -> (artifact id: '8465f65b081509972125d8d942400457') in 0.029264 seconds 
========================================================================
Received Import Request.
  Time since last request: 0.004391 seconds.
  path: Assets/Sprites/Fish Swim Flipped/133_result.png
  artifactKey: Guid(8a24e175bd05b884882f8cebf1676235) Importer(815301076,1909f56bfc062723c751e8b465ee728b)
Start importing Assets/Sprites/Fish Swim Flipped/133_result.png using Guid(8a24e175bd05b884882f8cebf1676235) Importer(815301076,1909f56bfc062723c751e8b465ee728b)  -> (artifact id: '74bdf558c19ac08d99125fc5f9e070cf') in 0.030078 seconds 
========================================================================
Received Import Request.
  Time since last request: 0.171478 seconds.
  path: Assets/Sprites/Fish Swim Flipped/131_result.png
  artifactKey: Guid(f90fe97e0d7579c4db40420cab616fa2) Importer(815301076,1909f56bfc062723c751e8b465ee728b)
Start importing Assets/Sprites/Fish Swim Flipped/131_result.png using Guid(f90fe97e0d7579c4db40420cab616fa2) Importer(815301076,1909f56bfc062723c751e8b465ee728b)  -> (artifact id: '0977e757688d9e624d6d743902733c0c') in 0.031780 seconds 
========================================================================
Received Import Request.
  Time since last request: 0.000027 seconds.
  path: Assets/Sprites/Fish Swim Flipped/129_result.png
  artifactKey: Guid(75dbf32cc688cae448c651eeffe850f3) Importer(815301076,1909f56bfc062723c751e8b465ee728b)
Start importing Assets/Sprites/Fish Swim Flipped/129_result.png using Guid(75dbf32cc688cae448c651eeffe850f3) Importer(815301076,1909f56bfc062723c751e8b465ee728b)  -> (artifact id: '963797fc8810c6f7b2a7cca2d1bf9b08') in 0.030719 seconds 
========================================================================
Received Import Request.
  Time since last request: 0.022465 seconds.
  path: Assets/Sprites/Fish Swim Flipped/127_result.png
  artifactKey: Guid(ec3f89e0d096d40489270867eb90b236) Importer(815301076,1909f56bfc062723c751e8b465ee728b)
Start importing Assets/Sprites/Fish Swim Flipped/127_result.png using Guid(ec3f89e0d096d40489270867eb90b236) Importer(815301076,1909f56bfc062723c751e8b465ee728b)  -> (artifact id: '33faf5edf7d4a5dcbaec173713f76de1') in 0.028903 seconds 
========================================================================
Received Import Request.
  Time since last request: 0.117624 seconds.
  path: Assets/Sprites/Fish Swim Flipped/126_result.png
  artifactKey: Guid(881551e2fa4e90045b9ce44060b51cf0) Importer(815301076,1909f56bfc062723c751e8b465ee728b)
Start importing Assets/Sprites/Fish Swim Flipped/126_result.png using Guid(881551e2fa4e90045b9ce44060b51cf0) Importer(815301076,1909f56bfc062723c751e8b465ee728b)  -> (artifact id: '85686c06fffecf75f9f75a63ac57f6aa') in 0.032016 seconds 
========================================================================
Received Import Request.
  Time since last request: 0.000039 seconds.
  path: Assets/Sprites/Fish Swim/124.png
  artifactKey: Guid(aaa8a52ba3ef9484498f3ce67c8b0659) Importer(815301076,1909f56bfc062723c751e8b465ee728b)
Start importing Assets/Sprites/Fish Swim/124.png using Guid(aaa8a52ba3ef9484498f3ce67c8b0659) Importer(815301076,1909f56bfc062723c751e8b465ee728b)  -> (artifact id: 'd1e45c3194ef2c6b8e5ee5c0da6f4e7d') in 0.025431 seconds 
========================================================================
Received Import Request.
  Time since last request: 0.158631 seconds.
  path: Assets/Sprites/Fish Swim Flipped/122_result.png
  artifactKey: Guid(2b6af3ce447b7234a98aa85cf8a84b4d) Importer(815301076,1909f56bfc062723c751e8b465ee728b)
Start importing Assets/Sprites/Fish Swim Flipped/122_result.png using Guid(2b6af3ce447b7234a98aa85cf8a84b4d) Importer(815301076,1909f56bfc062723c751e8b465ee728b)  -> (artifact id: '86e89c09013a639f58b6f7129ae16f87') in 0.032754 seconds 
========================================================================
Received Import Request.
  Time since last request: 0.000029 seconds.
  path: Assets/Sprites/Fish Swim/120.png
  artifactKey: Guid(8ff3f9da1a138d647a9cc70148ab240c) Importer(815301076,1909f56bfc062723c751e8b465ee728b)
Start importing Assets/Sprites/Fish Swim/120.png using Guid(8ff3f9da1a138d647a9cc70148ab240c) Importer(815301076,1909f56bfc062723c751e8b465ee728b)  -> (artifact id: '8935aac4aa3776bbf85836f18f36fca1') in 0.025360 seconds 
========================================================================
Received Import Request.
  Time since last request: 0.000031 seconds.
  path: Assets/Sprites/Fish Swim Flipped/119_result.png
  artifactKey: Guid(df0df8b963582cc4d9fd7d205e13be31) Importer(815301076,1909f56bfc062723c751e8b465ee728b)
Start importing Assets/Sprites/Fish Swim Flipped/119_result.png using Guid(df0df8b963582cc4d9fd7d205e13be31) Importer(815301076,1909f56bfc062723c751e8b465ee728b)  -> (artifact id: '03d813cfbb795706dddb1f66f418282b') in 0.030477 seconds 
========================================================================
Received Import Request.
  Time since last request: 0.140419 seconds.
  path: Assets/Sprites/Fish Swim Flipped/117_result.png
  artifactKey: Guid(21f728b06b7775a48ad66731ab3cbff8) Importer(815301076,1909f56bfc062723c751e8b465ee728b)
Start importing Assets/Sprites/Fish Swim Flipped/117_result.png using Guid(21f728b06b7775a48ad66731ab3cbff8) Importer(815301076,1909f56bfc062723c751e8b465ee728b)  -> (artifact id: '1bc68ccb747311fddad1a7571d3d7791') in 0.031236 seconds 
========================================================================
Received Import Request.
  Time since last request: 0.000036 seconds.
  path: Assets/Sprites/Boot/115 1.png
  artifactKey: Guid(ad652b8b3dc94ce4395bf52dac27701e) Importer(815301076,1909f56bfc062723c751e8b465ee728b)
Start importing Assets/Sprites/Boot/115 1.png using Guid(ad652b8b3dc94ce4395bf52dac27701e) Importer(815301076,1909f56bfc062723c751e8b465ee728b)  -> (artifact id: '4b6a0ea70cd1b5c77af8deb051180687') in 0.021501 seconds 
========================================================================
Received Import Request.
  Time since last request: 0.000031 seconds.
  path: Assets/Sprites/Fish Swim/114.png
  artifactKey: Guid(360b64f8a4b11774cacbc59d5be50a8e) Importer(815301076,1909f56bfc062723c751e8b465ee728b)
Start importing Assets/Sprites/Fish Swim/114.png using Guid(360b64f8a4b11774cacbc59d5be50a8e) Importer(815301076,1909f56bfc062723c751e8b465ee728b)  -> (artifact id: '9e579abc5d590cc8780a57c4b2692ede') in 0.028942 seconds 
========================================================================
Received Import Request.
  Time since last request: 0.000036 seconds.
  path: Assets/Sprites/Fish Swim Flipped/112_result.png
  artifactKey: Guid(9ebafcfd4d2c65849b42583dc1146cd1) Importer(815301076,1909f56bfc062723c751e8b465ee728b)
Start importing Assets/Sprites/Fish Swim Flipped/112_result.png using Guid(9ebafcfd4d2c65849b42583dc1146cd1) Importer(815301076,1909f56bfc062723c751e8b465ee728b)  -> (artifact id: '95cb8e80e1f1b90e7b0a079aa6aa657c') in 0.028602 seconds 
========================================================================
Received Import Request.
  Time since last request: 0.148266 seconds.
  path: Assets/Sprites/Fish Swim/112.png
  artifactKey: Guid(f991a588fbe885b459520932272105e5) Importer(815301076,1909f56bfc062723c751e8b465ee728b)
Start importing Assets/Sprites/Fish Swim/112.png using Guid(f991a588fbe885b459520932272105e5) Importer(815301076,1909f56bfc062723c751e8b465ee728b)  -> (artifact id: '4650b35e31a8eee5bd8458074934d965') in 0.023771 seconds 
========================================================================
Received Import Request.
  Time since last request: 0.000035 seconds.
  path: Assets/Sprites/Fish Swim Flipped/109_result.png
  artifactKey: Guid(d26098ec0c8ac1343950c2d0695b0bdb) Importer(815301076,1909f56bfc062723c751e8b465ee728b)
Start importing Assets/Sprites/Fish Swim Flipped/109_result.png using Guid(d26098ec0c8ac1343950c2d0695b0bdb) Importer(815301076,1909f56bfc062723c751e8b465ee728b)  -> (artifact id: '7281192c76105d8557a99dece3f710d6') in 0.029509 seconds 
========================================================================
Received Import Request.
  Time since last request: 0.000168 seconds.
  path: Assets/Sprites/Fish Swim Flipped/108_result.png
  artifactKey: Guid(2610d5c638f12454a8ad7a458ce3d82e) Importer(815301076,1909f56bfc062723c751e8b465ee728b)
Start importing Assets/Sprites/Fish Swim Flipped/108_result.png using Guid(2610d5c638f12454a8ad7a458ce3d82e) Importer(815301076,1909f56bfc062723c751e8b465ee728b)  -> (artifact id: 'b989e0238bc24107e258eae986b97019') in 0.028748 seconds 
========================================================================
Received Import Request.
  Time since last request: 0.286052 seconds.
  path: Assets/Sprites/Fish Swim/108.png
  artifactKey: Guid(37aced5de421bbf40af898d29cbcda81) Importer(815301076,1909f56bfc062723c751e8b465ee728b)
Start importing Assets/Sprites/Fish Swim/108.png using Guid(37aced5de421bbf40af898d29cbcda81) Importer(815301076,1909f56bfc062723c751e8b465ee728b)  -> (artifact id: '37a9a94f8262e9e139f4342fb980b61a') in 0.022105 seconds 
========================================================================
Received Import Request.
  Time since last request: 1.102489 seconds.
  path: Assets/Sprites/Player/1.png
  artifactKey: Guid(430d778b0604c5d4888463b0ed962269) Importer(815301076,1909f56bfc062723c751e8b465ee728b)
Start importing Assets/Sprites/Player/1.png using Guid(430d778b0604c5d4888463b0ed962269) Importer(815301076,1909f56bfc062723c751e8b465ee728b)  -> (artifact id: '209054653a1409e5a36eed0fb1b2fdcf') in 0.030843 seconds 
========================================================================
Received Import Request.
  Time since last request: 0.000027 seconds.
  path: Assets/Sprites/Fish Hook/1.png
  artifactKey: Guid(7381ef721bc1d4c4187a0dd465735bf3) Importer(815301076,1909f56bfc062723c751e8b465ee728b)
Start importing Assets/Sprites/Fish Hook/1.png using Guid(7381ef721bc1d4c4187a0dd465735bf3) Importer(815301076,1909f56bfc062723c751e8b465ee728b)  -> (artifact id: '0b2aab170b0655242e433fd607afc20c') in 0.025148 seconds 
Editor requested this worker to shutdown with reason: Scaling down because of idle timeout
AssetImportWorker is now disconnected from the server
Process exiting
Exiting without the bug reporter. Application will terminate with return code 0