Using pre-set license
Built from '2021.3/staging' branch; Version is '2021.3.4f1 (cb45f9cae8b7) revision 13321721'; Using compiler version '192829333'; Build Type 'Release'
OS: 'Windows 11  (10.0.22000) 64bit Core' Language: 'en' Physical Memory: 15776 MB
BatchMode: 1, IsHumanControllingUs: 0, StartBugReporterOnCrash: 0, Is64bit: 1, IsPro: 1

COMMAND LINE ARGUMENTS:
C:\Program Files\Unity\Hub\Editor\2021.3.4f1\Editor\Unity.exe
-adb2
-batchMode
-noUpm
-name
AssetImportWorker4
-projectPath
D:/Reduxe/Git Uploads/icefishing/icefishing
-logFile
Logs/AssetImportWorker4.log
-srvPort
58610
Successfully changed project path to: D:/Reduxe/Git Uploads/icefishing/icefishing
D:/Reduxe/Git Uploads/icefishing/icefishing
[UnityMemory] Configuration Parameters - Can be set up in boot.config
    "memorysetup-bucket-allocator-granularity=16"
    "memorysetup-bucket-allocator-bucket-count=8"
    "memorysetup-bucket-allocator-block-size=33554432"
    "memorysetup-bucket-allocator-block-count=8"
    "memorysetup-main-allocator-block-size=16777216"
    "memorysetup-thread-allocator-block-size=16777216"
    "memorysetup-gfx-main-allocator-block-size=16777216"
    "memorysetup-gfx-thread-allocator-block-size=16777216"
    "memorysetup-cache-allocator-block-size=4194304"
    "memorysetup-typetree-allocator-block-size=2097152"
    "memorysetup-profiler-bucket-allocator-granularity=16"
    "memorysetup-profiler-bucket-allocator-bucket-count=8"
    "memorysetup-profiler-bucket-allocator-block-size=33554432"
    "memorysetup-profiler-bucket-allocator-block-count=8"
    "memorysetup-profiler-allocator-block-size=16777216"
    "memorysetup-profiler-editor-allocator-block-size=1048576"
    "memorysetup-temp-allocator-size-main=16777216"
    "memorysetup-job-temp-allocator-block-size=2097152"
    "memorysetup-job-temp-allocator-block-size-background=1048576"
    "memorysetup-job-temp-allocator-reduction-small-platforms=262144"
    "memorysetup-temp-allocator-size-background-worker=32768"
    "memorysetup-temp-allocator-size-job-worker=262144"
    "memorysetup-temp-allocator-size-preload-manager=33554432"
    "memorysetup-temp-allocator-size-nav-mesh-worker=65536"
    "memorysetup-temp-allocator-size-audio-worker=65536"
    "memorysetup-temp-allocator-size-cloud-worker=32768"
    "memorysetup-temp-allocator-size-gi-baking-worker=262144"
    "memorysetup-temp-allocator-size-gfx=262144"
Refreshing native plugins compatible for Editor in 45.18 ms, found 3 plugins.
Preloading 0 native plugins for Editor in 0.00 ms.
Initialize engine version: 2021.3.4f1 (cb45f9cae8b7)
[Subsystems] Discovering subsystems at path C:/Program Files/Unity/Hub/Editor/2021.3.4f1/Editor/Data/Resources/UnitySubsystems
[Subsystems] Discovering subsystems at path D:/Reduxe/Git Uploads/icefishing/icefishing/Assets
GfxDevice: creating device client; threaded=0; jobified=0
Direct3D:
    Version:  Direct3D 11.0 [level 11.1]
    Renderer: NVIDIA GeForce RTX 3060 Laptop GPU (ID=0x2520)
    Vendor:   NVIDIA
    VRAM:     6023 MB
    Driver:   31.0.15.1694
Initialize mono
Mono path[0] = 'C:/Program Files/Unity/Hub/Editor/2021.3.4f1/Editor/Data/Managed'
Mono path[1] = 'C:/Program Files/Unity/Hub/Editor/2021.3.4f1/Editor/Data/MonoBleedingEdge/lib/mono/unityjit-win32'
Mono config path = 'C:/Program Files/Unity/Hub/Editor/2021.3.4f1/Editor/Data/MonoBleedingEdge/etc'
Using monoOptions --debugger-agent=transport=dt_socket,embedding=1,server=y,suspend=n,address=127.0.0.1:56216
Begin MonoManager ReloadAssembly
Registering precompiled unity dll's ...
Register platform support module: C:/Program Files/Unity/Hub/Editor/2021.3.4f1/Editor/Data/PlaybackEngines/AndroidPlayer/UnityEditor.Android.Extensions.dll
Register platform support module: C:/Program Files/Unity/Hub/Editor/2021.3.4f1/Editor/Data/PlaybackEngines/iOSSupport/UnityEditor.iOS.Extensions.dll
Register platform support module: C:/Program Files/Unity/Hub/Editor/2021.3.4f1/Editor/Data/PlaybackEngines/WindowsStandaloneSupport/UnityEditor.WindowsStandalone.Extensions.dll
Registered in 0.006040 seconds.
Native extension for WindowsStandalone target not found
[usbmuxd] Start listen thread
[usbmuxd] Listen thread started
[usbmuxd] Send listen message
Native extension for iOS target not found
Native extension for Android target not found
Refreshing native plugins compatible for Editor in 39.06 ms, found 3 plugins.
Preloading 0 native plugins for Editor in 0.00 ms.
Mono: successfully reloaded assembly
- Completed reload, in  0.534 seconds
Domain Reload Profiling:
	ReloadAssembly (534ms)
		BeginReloadAssembly (71ms)
			ExecutionOrderSort (0ms)
			DisableScriptedObjects (0ms)
			BackupInstance (0ms)
			ReleaseScriptingObjects (0ms)
			CreateAndSetChildDomain (1ms)
		EndReloadAssembly (353ms)
			LoadAssemblies (70ms)
			RebuildTransferFunctionScriptingTraits (0ms)
			SetupTypeCache (82ms)
			ReleaseScriptCaches (0ms)
			RebuildScriptCaches (21ms)
			SetupLoadedEditorAssemblies (207ms)
				LogAssemblyErrors (0ms)
				InitializePlatformSupportModulesInManaged (52ms)
				SetLoadedEditorAssemblies (0ms)
				RefreshPlugins (39ms)
				BeforeProcessingInitializeOnLoad (1ms)
				ProcessInitializeOnLoadAttributes (77ms)
				ProcessInitializeOnLoadMethodAttributes (38ms)
				AfterProcessingInitializeOnLoad (0ms)
				EditorAssembliesLoaded (0ms)
			ExecutionOrderSort2 (0ms)
			AwakeInstancesAfterBackupRestoration (0ms)
Platform modules already initialized, skipping
Registering precompiled user dll's ...
Registered in 0.003888 seconds.
Begin MonoManager ReloadAssembly
Native extension for WindowsStandalone target not found
Native extension for iOS target not found
Native extension for Android target not found
Refreshing native plugins compatible for Editor in 52.19 ms, found 3 plugins.
Preloading 0 native plugins for Editor in 0.00 ms.
Mono: successfully reloaded assembly
- Completed reload, in  0.978 seconds
Domain Reload Profiling:
	ReloadAssembly (979ms)
		BeginReloadAssembly (205ms)
			ExecutionOrderSort (0ms)
			DisableScriptedObjects (5ms)
			BackupInstance (0ms)
			ReleaseScriptingObjects (0ms)
			CreateAndSetChildDomain (133ms)
		EndReloadAssembly (679ms)
			LoadAssemblies (69ms)
			RebuildTransferFunctionScriptingTraits (0ms)
			SetupTypeCache (160ms)
			ReleaseScriptCaches (0ms)
			RebuildScriptCaches (39ms)
			SetupLoadedEditorAssemblies (362ms)
				LogAssemblyErrors (0ms)
				InitializePlatformSupportModulesInManaged (26ms)
				SetLoadedEditorAssemblies (0ms)
				RefreshPlugins (52ms)
				BeforeProcessingInitializeOnLoad (66ms)
				ProcessInitializeOnLoadAttributes (174ms)
				ProcessInitializeOnLoadMethodAttributes (39ms)
				AfterProcessingInitializeOnLoad (6ms)
				EditorAssembliesLoaded (0ms)
			ExecutionOrderSort2 (0ms)
			AwakeInstancesAfterBackupRestoration (5ms)
Platform modules already initialized, skipping
========================================================================
Worker process is ready to serve import requests
Launched and connected shader compiler UnityShaderCompiler.exe after 0.04 seconds
Refreshing native plugins compatible for Editor in 0.77 ms, found 3 plugins.
Preloading 0 native plugins for Editor in 0.00 ms.
Unloading 2542 Unused Serialized files (Serialized files now loaded: 0)
Unloading 33 unused Assets / (55.4 KB). Loaded Objects now: 3006.
Memory consumption went from 113.2 MB to 113.1 MB.
Total: 3.511500 ms (FindLiveObjects: 0.239000 ms CreateObjectMapping: 0.077400 ms MarkObjects: 3.126600 ms  DeleteObjects: 0.067400 ms)

AssetImportParameters requested are different than current active one (requested -> active):
  custom:video-decoder-ogg-theora: a1e56fd34408186e4bbccfd4996cb3dc -> 
  custom:container-muxer-webm: aa71ff27fc2769a1b78a27578f13a17b -> 
  custom:container-demuxer-webm: 4f35f7cbe854078d1ac9338744f61a02 -> 
  custom:video-encoder-webm-vp8: eb34c28f22e8b96e1ab97ce403110664 -> 
  custom:audio-encoder-webm-vorbis: bf7c407c2cedff20999df2af8eb42d56 -> 
  custom:framework-win-MediaFoundation: 216162199b28c13a410421893ffa2e32 -> 
  custom:container-demuxer-ogg: 62fdf1f143b41e24485cea50d1cbac27 -> 
  custom:video-decoder-webm-vp8: 9c59270c3fd7afecdb556c50c9e8de78 -> 
  custom:audio-decoder-ogg-vorbis: bf7c407c2cedff20999df2af8eb42d56 -> 
========================================================================
Received Import Request.
  Time since last request: 642704.355693 seconds.
  path: Assets/AdvancedPolygonCollider/Demo/Textures/Cougar.png
  artifactKey: Guid(334653c90da783545bbe0593e563d68f) Importer(815301076,1909f56bfc062723c751e8b465ee728b)
Start importing Assets/AdvancedPolygonCollider/Demo/Textures/Cougar.png using Guid(334653c90da783545bbe0593e563d68f) Importer(815301076,1909f56bfc062723c751e8b465ee728b)  -> (artifact id: '10de3a4dd4e151190ba501f0d152e7ef') in 0.151885 seconds 
========================================================================
Received Import Request.
  Time since last request: 0.119277 seconds.
  path: Assets/Joystick Pack/Sprites/All Axis Backgrounds/AllAxis_Ridged.png
  artifactKey: Guid(54628aafa20f64b40ae661038ee7abf0) Importer(815301076,1909f56bfc062723c751e8b465ee728b)
Start importing Assets/Joystick Pack/Sprites/All Axis Backgrounds/AllAxis_Ridged.png using Guid(54628aafa20f64b40ae661038ee7abf0) Importer(815301076,1909f56bfc062723c751e8b465ee728b)  -> (artifact id: '8477c8ad047a006495f3a31c390f8b02') in 0.048613 seconds 
========================================================================
Received Import Request.
  Time since last request: 0.000042 seconds.
  path: Assets/Joystick Pack/Sprites/All Axis Backgrounds/AllAxis_Outline_Arrows.png
  artifactKey: Guid(48c0d4d6bebaa934384b07aa1e2f8184) Importer(815301076,1909f56bfc062723c751e8b465ee728b)
Start importing Assets/Joystick Pack/Sprites/All Axis Backgrounds/AllAxis_Outline_Arrows.png using Guid(48c0d4d6bebaa934384b07aa1e2f8184) Importer(815301076,1909f56bfc062723c751e8b465ee728b)  -> (artifact id: 'f61f3961d969c0ebaf6516813ef46699') in 0.027533 seconds 
========================================================================
Received Import Request.
  Time since last request: 0.160633 seconds.
  path: Assets/Sprites/Fish Swim/140.png
  artifactKey: Guid(36b8e7524a5c8f34fa4e9cfe1c56dee3) Importer(815301076,1909f56bfc062723c751e8b465ee728b)
Start importing Assets/Sprites/Fish Swim/140.png using Guid(36b8e7524a5c8f34fa4e9cfe1c56dee3) Importer(815301076,1909f56bfc062723c751e8b465ee728b)  -> (artifact id: 'b04e8a3cfc38c0d3911bd530a2ecf26d') in 0.032145 seconds 
========================================================================
Received Import Request.
  Time since last request: 0.000028 seconds.
  path: Assets/Sprites/Fish Swim/138.png
  artifactKey: Guid(952cec2f1d96f6b4698dbf35f6d415bf) Importer(815301076,1909f56bfc062723c751e8b465ee728b)
Start importing Assets/Sprites/Fish Swim/138.png using Guid(952cec2f1d96f6b4698dbf35f6d415bf) Importer(815301076,1909f56bfc062723c751e8b465ee728b)  -> (artifact id: '2b352730975ce70ccc4fcb27fbdbcb4d') in 0.023696 seconds 
========================================================================
Received Import Request.
  Time since last request: 0.007707 seconds.
  path: Assets/Sprites/Fish Swim/136.png
  artifactKey: Guid(eb82b0f60799eac4bb0c21843c9a0781) Importer(815301076,1909f56bfc062723c751e8b465ee728b)
Start importing Assets/Sprites/Fish Swim/136.png using Guid(eb82b0f60799eac4bb0c21843c9a0781) Importer(815301076,1909f56bfc062723c751e8b465ee728b)  -> (artifact id: 'f4a4b091b6279cfed3600e4fddc89c5d') in 0.030678 seconds 
========================================================================
Received Import Request.
  Time since last request: 0.141634 seconds.
  path: Assets/Sprites/Fish Swim/135.png
  artifactKey: Guid(3e4579b55f04e344bb3983979a24ba10) Importer(815301076,1909f56bfc062723c751e8b465ee728b)
Start importing Assets/Sprites/Fish Swim/135.png using Guid(3e4579b55f04e344bb3983979a24ba10) Importer(815301076,1909f56bfc062723c751e8b465ee728b)  -> (artifact id: 'b07fca0a4bfedbe047d84db8294c3df4') in 0.022266 seconds 
========================================================================
Received Import Request.
  Time since last request: 0.010685 seconds.
  path: Assets/Sprites/Fish Swim/133.png
  artifactKey: Guid(64dcfce1da287fd4186a65f5e2da20bf) Importer(815301076,1909f56bfc062723c751e8b465ee728b)
Start importing Assets/Sprites/Fish Swim/133.png using Guid(64dcfce1da287fd4186a65f5e2da20bf) Importer(815301076,1909f56bfc062723c751e8b465ee728b)  -> (artifact id: 'd8c043a5298b3d3e30f50fa2c93df90c') in 0.025038 seconds 
========================================================================
Received Import Request.
  Time since last request: 0.174994 seconds.
  path: Assets/Sprites/Fish Swim/131.png
  artifactKey: Guid(5a4bbccfc842046418d7b7f599676772) Importer(815301076,1909f56bfc062723c751e8b465ee728b)
Start importing Assets/Sprites/Fish Swim/131.png using Guid(5a4bbccfc842046418d7b7f599676772) Importer(815301076,1909f56bfc062723c751e8b465ee728b)  -> (artifact id: '92c17e407cdc1e5da0347db8a9eab257') in 0.026069 seconds 
========================================================================
Received Import Request.
  Time since last request: 0.000025 seconds.
  path: Assets/Sprites/Fish Swim/129.png
  artifactKey: Guid(4225a0fe25b3cfa47aef00f8813f66bf) Importer(815301076,1909f56bfc062723c751e8b465ee728b)
Start importing Assets/Sprites/Fish Swim/129.png using Guid(4225a0fe25b3cfa47aef00f8813f66bf) Importer(815301076,1909f56bfc062723c751e8b465ee728b)  -> (artifact id: 'a0c853c0401b819e9c5909f3478670ea') in 0.022650 seconds 
========================================================================
Received Import Request.
  Time since last request: 0.003561 seconds.
  path: Assets/Sprites/Fish Swim/128.png
  artifactKey: Guid(25fd4256a7cd7884aa58183eefafc9e5) Importer(815301076,1909f56bfc062723c751e8b465ee728b)
Start importing Assets/Sprites/Fish Swim/128.png using Guid(25fd4256a7cd7884aa58183eefafc9e5) Importer(815301076,1909f56bfc062723c751e8b465ee728b)  -> (artifact id: '3908e2bf7c13478c415e7bc58324c1f9') in 0.023873 seconds 
========================================================================
Received Import Request.
  Time since last request: 0.003456 seconds.
  path: Assets/Sprites/Fish Swim/127.png
  artifactKey: Guid(9f677738a31af7b4e8d7a223be737e40) Importer(815301076,1909f56bfc062723c751e8b465ee728b)
Start importing Assets/Sprites/Fish Swim/127.png using Guid(9f677738a31af7b4e8d7a223be737e40) Importer(815301076,1909f56bfc062723c751e8b465ee728b)  -> (artifact id: '77c6e060d67157c70060409d08fd5c75') in 0.025456 seconds 
========================================================================
Received Import Request.
  Time since last request: 0.121017 seconds.
  path: Assets/Sprites/Fish Swim/126.png
  artifactKey: Guid(281b00b5bc92ee64682aa7e417ac1e45) Importer(815301076,1909f56bfc062723c751e8b465ee728b)
Start importing Assets/Sprites/Fish Swim/126.png using Guid(281b00b5bc92ee64682aa7e417ac1e45) Importer(815301076,1909f56bfc062723c751e8b465ee728b)  -> (artifact id: 'b9d797c8806bd68ba6f52b22099ca863') in 0.026132 seconds 
========================================================================
Received Import Request.
  Time since last request: 0.000034 seconds.
  path: Assets/Sprites/Fish Swim Flipped/124_result.png
  artifactKey: Guid(60169025088728c4eb0b548cf91c9b0a) Importer(815301076,1909f56bfc062723c751e8b465ee728b)
Start importing Assets/Sprites/Fish Swim Flipped/124_result.png using Guid(60169025088728c4eb0b548cf91c9b0a) Importer(815301076,1909f56bfc062723c751e8b465ee728b)  -> (artifact id: '23c59f935dc5a8770caf2feac2729078') in 0.029584 seconds 
========================================================================
Received Import Request.
  Time since last request: 0.158142 seconds.
  path: Assets/Sprites/Fish Swim/122.png
  artifactKey: Guid(32572ec453f92784d923d726096b07c4) Importer(815301076,1909f56bfc062723c751e8b465ee728b)
Start importing Assets/Sprites/Fish Swim/122.png using Guid(32572ec453f92784d923d726096b07c4) Importer(815301076,1909f56bfc062723c751e8b465ee728b)  -> (artifact id: '26a820e6d309b78ea02cabc89cf3a7d4') in 0.025551 seconds 
========================================================================
Received Import Request.
  Time since last request: 0.000030 seconds.
  path: Assets/Sprites/Fish Swim Flipped/120_result.png
  artifactKey: Guid(aed1847c16d83864ebd0bae4c7fbdbaa) Importer(815301076,1909f56bfc062723c751e8b465ee728b)
Start importing Assets/Sprites/Fish Swim Flipped/120_result.png using Guid(aed1847c16d83864ebd0bae4c7fbdbaa) Importer(815301076,1909f56bfc062723c751e8b465ee728b)  -> (artifact id: '6f4d9ec810d81ce040b567309b65d2ec') in 0.031973 seconds 
========================================================================
Received Import Request.
  Time since last request: 0.000032 seconds.
  path: Assets/Sprites/Fish Swim/119.png
  artifactKey: Guid(3e63ac1146cf74b4a9abe3eed97df739) Importer(815301076,1909f56bfc062723c751e8b465ee728b)
Start importing Assets/Sprites/Fish Swim/119.png using Guid(3e63ac1146cf74b4a9abe3eed97df739) Importer(815301076,1909f56bfc062723c751e8b465ee728b)  -> (artifact id: 'f98f4292248d66ac1e893a7efb90205d') in 0.024924 seconds 
========================================================================
Received Import Request.
  Time since last request: 0.146585 seconds.
  path: Assets/Sprites/Fish Swim/117.png
  artifactKey: Guid(370562dd34cd31a4287970ef9c14e5c0) Importer(815301076,1909f56bfc062723c751e8b465ee728b)
Start importing Assets/Sprites/Fish Swim/117.png using Guid(370562dd34cd31a4287970ef9c14e5c0) Importer(815301076,1909f56bfc062723c751e8b465ee728b)  -> (artifact id: '88c2179cc83f6fdc3b27a4b181c953e5') in 0.024484 seconds 
========================================================================
Received Import Request.
  Time since last request: 0.000057 seconds.
  path: Assets/Sprites/Fish Swim Flipped/115_result.png
  artifactKey: Guid(65b5c8814c7242c40b4a349f0c96e867) Importer(815301076,1909f56bfc062723c751e8b465ee728b)
Start importing Assets/Sprites/Fish Swim Flipped/115_result.png using Guid(65b5c8814c7242c40b4a349f0c96e867) Importer(815301076,1909f56bfc062723c751e8b465ee728b)  -> (artifact id: 'c9100711dfff6c83056e149bb260b2e7') in 0.028044 seconds 
========================================================================
Received Import Request.
  Time since last request: 0.000021 seconds.
  path: Assets/Sprites/Fish Swim Flipped/113_result.png
  artifactKey: Guid(aae3ff33700c2d046a3c89e88f6c8845) Importer(815301076,1909f56bfc062723c751e8b465ee728b)
Start importing Assets/Sprites/Fish Swim Flipped/113_result.png using Guid(aae3ff33700c2d046a3c89e88f6c8845) Importer(815301076,1909f56bfc062723c751e8b465ee728b)  -> (artifact id: 'b576cf58d5e98372f01218b1c7f9c08d') in 0.030373 seconds 
========================================================================
Received Import Request.
  Time since last request: 0.179560 seconds.
  path: Assets/Sprites/Fish Swim Flipped/111_result.png
  artifactKey: Guid(4e30e1f47f8c10a459229fa686f80cb6) Importer(815301076,1909f56bfc062723c751e8b465ee728b)
Start importing Assets/Sprites/Fish Swim Flipped/111_result.png using Guid(4e30e1f47f8c10a459229fa686f80cb6) Importer(815301076,1909f56bfc062723c751e8b465ee728b)  -> (artifact id: 'd6140251788cb524d7ab4b28e2e20109') in 0.033117 seconds 
========================================================================
Received Import Request.
  Time since last request: 0.000039 seconds.
  path: Assets/Sprites/Fish Swim/110.png
  artifactKey: Guid(d5e0d11142b8c594a96201e7ebd63417) Importer(815301076,1909f56bfc062723c751e8b465ee728b)
Start importing Assets/Sprites/Fish Swim/110.png using Guid(d5e0d11142b8c594a96201e7ebd63417) Importer(815301076,1909f56bfc062723c751e8b465ee728b)  -> (artifact id: '34993c0c36bdf739633cebbd224ce8db') in 0.024730 seconds 
========================================================================
Received Import Request.
  Time since last request: 0.315594 seconds.
  path: Assets/Sprites/Fish Swim Flipped/107_result.png
  artifactKey: Guid(756a7fa3816c2ac459500e944916ecf1) Importer(815301076,1909f56bfc062723c751e8b465ee728b)
Start importing Assets/Sprites/Fish Swim Flipped/107_result.png using Guid(756a7fa3816c2ac459500e944916ecf1) Importer(815301076,1909f56bfc062723c751e8b465ee728b)  -> (artifact id: '76b7ab89542b2612154ae7275f376191') in 0.025909 seconds 
========================================================================
Received Import Request.
  Time since last request: 1.098218 seconds.
  path: Assets/1.png
  artifactKey: Guid(5dbf55449287f2e4e81ff5b36364e69b) Importer(815301076,1909f56bfc062723c751e8b465ee728b)
Start importing Assets/1.png using Guid(5dbf55449287f2e4e81ff5b36364e69b) Importer(815301076,1909f56bfc062723c751e8b465ee728b)  -> (artifact id: '5a3e27fa6c82520d0e15628dd992eeeb') in 0.032600 seconds 
========================================================================
Received Import Request.
  Time since last request: 0.000025 seconds.
  path: Assets/Sprites/Fish Swim/1.png
  artifactKey: Guid(3ad5253f24cd7dc47b393a0c60b56701) Importer(815301076,1909f56bfc062723c751e8b465ee728b)
Start importing Assets/Sprites/Fish Swim/1.png using Guid(3ad5253f24cd7dc47b393a0c60b56701) Importer(815301076,1909f56bfc062723c751e8b465ee728b)  -> (artifact id: 'f11d85baac3eef8e853e33b488d4675c') in 0.030544 seconds 
Editor requested this worker to shutdown with reason: Scaling down because of idle timeout
AssetImportWorker is now disconnected from the server
Process exiting
Exiting without the bug reporter. Application will terminate with return code 0